<h2>Tests unitaires</h2>

<p>Ex√©cution des tests karma via gulp en mode watch:</p>

<pre><code data-trim>
gulp test:auto
...
PhantomJS 1.9.8 (Linux 0.0.0) form password service long password (> 12 characters) should result to strongness 10 FAILED
	Expected undefined to equal 10.
	    at /home/toub/Documents/dev/formation-angular/2015-09_rabat/angular-practice-1.4.yeoman/src/app/profile/profile.password.service.spec.js:25
PhantomJS 1.9.8 (Linux 0.0.0): Executed 3 of 3 (3 FAILED) ERROR (0.001 secs / 0.01 secs)
</code></pre>

<p class="text text-center">
    <a href="https://github.com/Swiip/generator-gulp-angular/blob/master/docs/usage.md">
           https://github.com/Swiip/generator-gulp-angular/blob/master/docs/usage.md
        </a>
</p>
<p class="text text-center">
    <a href="http://karma-runner.github.io">
           http://karma-runner.github.io
        </a>
</p>